[0m20:53:41.658999 [debug] [MainThread]: Sending event: {'category': 'dbt', 'action': 'invocation', 'label': 'start', 'context': [<snowplow_tracker.self_describing_json.SelfDescribingJson object at 0x10653a4e0>, <snowplow_tracker.self_describing_json.SelfDescribingJson object at 0x111512c90>, <snowplow_tracker.self_describing_json.SelfDescribingJson object at 0x1115127e0>]}


============================== 20:53:41.661437 | 0e6e65c5-e60a-4ae2-b0e4-2d5740315da6 ==============================
[0m20:53:41.661437 [info ] [MainThread]: Running with dbt=1.8.1
[0m20:53:41.661716 [debug] [MainThread]: running dbt with arguments {'printer_width': '80', 'indirect_selection': 'eager', 'write_json': 'True', 'log_cache_events': 'False', 'partial_parse': 'True', 'cache_selected_only': 'False', 'warn_error': 'None', 'version_check': 'True', 'fail_fast': 'False', 'log_path': 'logs', 'profiles_dir': '/Users/successmaharjan/.dbt', 'debug': 'False', 'use_colors': 'True', 'use_experimental_parser': 'False', 'no_print': 'None', 'quiet': 'False', 'log_format': 'default', 'invocation_command': 'dbt init', 'introspect': 'True', 'warn_error_options': 'WarnErrorOptions(include=[], exclude=[])', 'target_path': 'None', 'static_parser': 'True', 'send_anonymous_usage_stats': 'True'}
[0m20:53:41.669325 [warn ] [MainThread]: [ConfigFolderDirectory]: Unable to parse dict {'dir': PosixPath('/Users/successmaharjan/.dbt')}
[0m20:53:41.669544 [info ] [MainThread]: Creating dbt configuration folder at 
[0m20:53:54.913752 [debug] [MainThread]: Starter project path: /Library/Frameworks/Python.framework/Versions/3.12/lib/python3.12/site-packages/dbt/include/starter_project
[0m20:53:54.925467 [info ] [MainThread]: 
Your new dbt project "nepseporfolio" was created!

For more information on how to configure the profiles.yml file,
please consult the dbt documentation here:

  https://docs.getdbt.com/docs/configure-your-profile

One more thing:

Need help? Don't hesitate to reach out to us via GitHub issues or on Slack:

  https://community.getdbt.com/

Happy modeling!

[0m20:53:54.926684 [info ] [MainThread]: Setting up your profile.
[0m20:55:04.433061 [info ] [MainThread]: Profile nepseporfolio written to /Users/successmaharjan/.dbt/profiles.yml using target's profile_template.yml and your supplied values. Run 'dbt debug' to validate the connection.
[0m20:55:04.439644 [debug] [MainThread]: Resource report: {"command_name": "init", "command_success": true, "command_wall_clock_time": 82.80592, "process_user_time": 2.931306, "process_kernel_time": 0.982906, "process_mem_max_rss": "174243840", "process_in_blocks": "0", "process_out_blocks": "0"}
[0m20:55:04.440878 [debug] [MainThread]: Command `dbt init` succeeded at 20:55:04.440686 after 82.81 seconds
[0m20:55:04.441773 [debug] [MainThread]: Sending event: {'category': 'dbt', 'action': 'invocation', 'label': 'end', 'context': [<snowplow_tracker.self_describing_json.SelfDescribingJson object at 0x107f75430>, <snowplow_tracker.self_describing_json.SelfDescribingJson object at 0x1475332c0>, <snowplow_tracker.self_describing_json.SelfDescribingJson object at 0x147a5ad20>]}
[0m20:55:04.442496 [debug] [MainThread]: Flushing usage events
